[create_room] success: player_id=19 code=NEAV7R
[create_room] success: player_id=19 code=AJ59TK
[create_room] success: player_id=19 code=YU5DFL
[create_room] success: player_id=19 code=HC7UCG
[create_room] success: player_id=19 code=FXZ2VT
[create_room] success: player_id=19 code=V8YJNV
[create_room] success: player_id=19 code=EESA9A
[create_room] success: player_id=21 code=UD5QT9
[create_room] success: player_id=21 code=BMBSAP
[create_room] success: player_id=21 code=BKB294
[create_room] success: player_id=21 code=DUSJWE
[create_room] success: player_id=21 code=76G7W6
[create_room] success: player_id=21 code=KWXCWK
[create_room] success: player_id=21 code=K8J9P8
[create_room] success: player_id=21 code=T585WD
[create_room] success: player_id=16 code=3GLYD7
[create_room] success: player_id=16 code=5TZRER
[create_room] success: player_id=16 code=2UP9QD
[create_room] success: player_id=16 code=WFFY64
[create_room] success: player_id=16 code=JTGRJF
[create_room] success: player_id=17 code=J4PUKL
[create_room] success: player_id=16 code=5JYEBA
[create_room] success: player_id=16 code=VEDPRP
[create_room] success: player_id=16 code=6KTDYV
[create_room] success: player_id=16 code=2UEMS9
[create_room] success: player_id=17 code=LM9J3K
[create_room] success: player_id=17 code=THKVXU
[create_room] success: player_id=16 code=DL4GUN
[create_room] success: player_id=18 code=6RF2RK
[create_room] success: player_id=16 code=6796RR
[create_room] success: player_id=18 code=PZLH9L
[create_room] success: player_id=18 code=NCNFBG
[create_room] success: player_id=18 code=4LWFAD
[create_room] success: player_id=18 code=ZAS5T3
[create_room] success: player_id=18 code=LFZMNY
[create_room] success: player_id=16 code=UNAER4
[create_room] success: player_id=18 code=W9LNJF
[create_room] success: player_id=18 code=HYPF4F
[create_room] success: player_id=18 code=4LAR6D
[create_room] success: player_id=16 code=6JTR53
[create_room] success: player_id=18 code=DWCM64
[create_room] success: player_id=16 code=V32L8M
[create_room] success: player_id=18 code=EBQ7FC
[create_room] success: player_id=16 code=S6PT6F
[create_room] success: player_id=16 code=6MQB2E
[create_room] success: player_id=18 code=F664BW
[create_room] success: player_id=16 code=ZM6SKX
[create_room] success: player_id=16 code=NX7N3C
[create_room] success: player_id=16 code=MH3CRW
[create_room] success: player_id=16 code=A54ZR7
[create_room] success: player_id=16 code=KWQ8RP
[create_room] success: player_id=16 code=2FQSFA
[create_room] success: player_id=16 code=WEWLBR
[create_room] success: player_id=16 code=FRJJMP
[create_room] success: player_id=16 code=R5S9S3
[create_room] success: player_id=16 code=MCDMJX
[create_room] success: player_id=16 code=A6PE8K
[create_room] success: player_id=16 code=SQ6LY3
[create_room] success: player_id=16 code=7EDT4M
[create_room] success: player_id=16 code=Q477Q9
[create_room] success: player_id=16 code=4JEWXF
[create_room] success: player_id=16 code=PJVTVD
[create_room] success: player_id=16 code=MF6U8E
[create_room] success: player_id=16 code=PA8AD8
[create_room] success: player_id=16 code=F3M2JN
[create_room] success: player_id=16 code=98PXBQ
[create_room] success: player_id=16 code=KM3ZBU
[create_room] success: player_id=16 code=B9UNUS
[create_room] success: player_id=17 code=X5S9WD
[create_room] success: player_id=17 code=QQNTMP
[create_room] success: player_id=18 code=MZQB9J
[create_room] success: player_id=18 code=FJ5FDE
[create_room] success: player_id=13 code=JBQJDY
[create_room] success: player_id=13 code=KZLVU5
[create_room] success: player_id=15 code=9S9T2Y
[create_room] success: player_id=15 code=M2JEWG
[create_room] success: player_id=13 code=QZSELC
[create_room] success: player_id=13 code=U39T6X
[create_room] success: player_id=13 code=VEVS4S
[create_room] success: player_id=13 code=WNV49J
[create_room] success: player_id=13 code=C24MQR
